Added Component: Designator=C6(c-0805)
Add component (AddParameter): Name = "ComponentDescription"; Value = "Конденсатор керамический SMD, c-0805, 50В, 2200, X7R"; VariantName = "[No Variations]"
Add component (AddParameter): Name = "ComponentType"; Value = "Конденсатор керамический SMD"; VariantName = "[No Variations]"
Add component (AddParameter): Name = "Dielectric"; Value = "X7R"; VariantName = "[No Variations]"
Add component (AddParameter): Name = "Package"; Value = "c-0805"; VariantName = "[No Variations]"
Add component (AddParameter): Name = "Value"; Value = "2200"; VariantName = "[No Variations]"
Add component (AddParameter): Name = "Voltage"; Value = "50"; VariantName = "[No Variations]"
Added Component: Designator=C7(c-0805)
Add component (AddParameter): Name = "ComponentDescription"; Value = "Конденсатор керамический SMD, c-0805, 50В, 68, COG"; VariantName = "[No Variations]"
Add component (AddParameter): Name = "ComponentType"; Value = "Конденсатор керамический SMD"; VariantName = "[No Variations]"
Add component (AddParameter): Name = "Dielectric"; Value = "COG"; VariantName = "[No Variations]"
Add component (AddParameter): Name = "Package"; Value = "c-0805"; VariantName = "[No Variations]"
Add component (AddParameter): Name = "Value"; Value = "68"; VariantName = "[No Variations]"
Add component (AddParameter): Name = "Voltage"; Value = "50"; VariantName = "[No Variations]"
Added Component: Designator=C8(c-0805)
Add component (AddParameter): Name = "ComponentDescription"; Value = "Конденсатор керамический SMD, c-0805, 50В, 0.1мк, X7R"; VariantName = "[No Variations]"
Add component (AddParameter): Name = "ComponentType"; Value = "Конденсатор керамический SMD"; VariantName = "[No Variations]"
Add component (AddParameter): Name = "Dielectric"; Value = "X7R"; VariantName = "[No Variations]"
Add component (AddParameter): Name = "Package"; Value = "c-0805"; VariantName = "[No Variations]"
Add component (AddParameter): Name = "Value"; Value = "0.1мк"; VariantName = "[No Variations]"
Add component (AddParameter): Name = "Voltage"; Value = "50"; VariantName = "[No Variations]"
Added Component: Designator=C13(C-0805)
Add component (AddParameter): Name = "ComponentDescription"; Value = "Конденсатор керамический SMD, C-0805, 50В, 0.1мк, X7R"; VariantName = "[No Variations]"
Add component (AddParameter): Name = "ComponentType"; Value = "Конденсатор керамический SMD"; VariantName = "[No Variations]"
Add component (AddParameter): Name = "Dielectric"; Value = "X7R"; VariantName = "[No Variations]"
Add component (AddParameter): Name = "Package"; Value = "C-0805"; VariantName = "[No Variations]"
Add component (AddParameter): Name = "Value"; Value = "0.1мк"; VariantName = "[No Variations]"
Add component (AddParameter): Name = "Voltage"; Value = "50"; VariantName = "[No Variations]"
Added Component: Designator=C14(C-0805)
Add component (AddParameter): Name = "ComponentDescription"; Value = "Конденсатор керамический SMD, C-0805, 50В, 1мк, X7R"; VariantName = "[No Variations]"
Add component (AddParameter): Name = "ComponentType"; Value = "Конденсатор керамический SMD"; VariantName = "[No Variations]"
Add component (AddParameter): Name = "Dielectric"; Value = "X7R"; VariantName = "[No Variations]"
Add component (AddParameter): Name = "Package"; Value = "C-0805"; VariantName = "[No Variations]"
Add component (AddParameter): Name = "Value"; Value = "1мк"; VariantName = "[No Variations]"
Add component (AddParameter): Name = "Voltage"; Value = "50"; VariantName = "[No Variations]"
Added Component: Designator=C16(C-0805)
Add component (AddParameter): Name = "ComponentDescription"; Value = "Конденсатор керамический SMD, C-0805, 50В, 1мк, X7R"; VariantName = "[No Variations]"
Add component (AddParameter): Name = "ComponentType"; Value = "Конденсатор керамический SMD"; VariantName = "[No Variations]"
Add component (AddParameter): Name = "Dielectric"; Value = "X7R"; VariantName = "[No Variations]"
Add component (AddParameter): Name = "Package"; Value = "C-0805"; VariantName = "[No Variations]"
Add component (AddParameter): Name = "Value"; Value = "1мк"; VariantName = "[No Variations]"
Add component (AddParameter): Name = "Voltage"; Value = "50"; VariantName = "[No Variations]"
Added Component: Designator=C17(C-0805)
Add component (AddParameter): Name = "ComponentDescription"; Value = "Конденсатор керамический SMD, C-0805, 25В, 22мк, X7R"; VariantName = "[No Variations]"
Add component (AddParameter): Name = "ComponentType"; Value = "Конденсатор керамический SMD"; VariantName = "[No Variations]"
Add component (AddParameter): Name = "Dielectric"; Value = "X7R"; VariantName = "[No Variations]"
Add component (AddParameter): Name = "Package"; Value = "C-0805"; VariantName = "[No Variations]"
Add component (AddParameter): Name = "Value"; Value = "22мк"; VariantName = "[No Variations]"
Add component (AddParameter): Name = "Voltage"; Value = "25"; VariantName = "[No Variations]"
Added Component: Designator=C26(C-0805)
Add component (AddParameter): Name = "ComponentDescription"; Value = "Конденсатор керамический SMD, C-0805, 50В, 1мк, X7R"; VariantName = "[No Variations]"
Add component (AddParameter): Name = "ComponentType"; Value = "Конденсатор керамический SMD"; VariantName = "[No Variations]"
Add component (AddParameter): Name = "Dielectric"; Value = "X7R"; VariantName = "[No Variations]"
Add component (AddParameter): Name = "Package"; Value = "C-0805"; VariantName = "[No Variations]"
Add component (AddParameter): Name = "Value"; Value = "1мк"; VariantName = "[No Variations]"
Add component (AddParameter): Name = "Voltage"; Value = "50"; VariantName = "[No Variations]"
Added Component: Designator=C30(C-0805)
Add component (AddParameter): Name = "ComponentDescription"; Value = "Конденсатор керамический SMD, C-0805, 50В, 1мк, X7R"; VariantName = "[No Variations]"
Add component (AddParameter): Name = "ComponentType"; Value = "Конденсатор керамический SMD"; VariantName = "[No Variations]"
Add component (AddParameter): Name = "Dielectric"; Value = "X7R"; VariantName = "[No Variations]"
Add component (AddParameter): Name = "Package"; Value = "C-0805"; VariantName = "[No Variations]"
Add component (AddParameter): Name = "Value"; Value = "1мк"; VariantName = "[No Variations]"
Add component (AddParameter): Name = "Voltage"; Value = "50"; VariantName = "[No Variations]"
Added Component: Designator=C34(C-0805)
Add component (AddParameter): Name = "ComponentDescription"; Value = "Конденсатор керамический SMD, C-0805, 50В, 0.1мк, X7R"; VariantName = "[No Variations]"
Add component (AddParameter): Name = "ComponentType"; Value = "Конденсатор керамический SMD"; VariantName = "[No Variations]"
Add component (AddParameter): Name = "Dielectric"; Value = "X7R"; VariantName = "[No Variations]"
Add component (AddParameter): Name = "Package"; Value = "C-0805"; VariantName = "[No Variations]"
Add component (AddParameter): Name = "Value"; Value = "0.1мк"; VariantName = "[No Variations]"
Add component (AddParameter): Name = "Voltage"; Value = "50"; VariantName = "[No Variations]"
Added Component: Designator=C35(C-0805)
Add component (AddParameter): Name = "ComponentDescription"; Value = "Конденсатор керамический SMD, C-0805, 50В, 1мк, X7R"; VariantName = "[No Variations]"
Add component (AddParameter): Name = "ComponentType"; Value = "Конденсатор керамический SMD"; VariantName = "[No Variations]"
Add component (AddParameter): Name = "Dielectric"; Value = "X7R"; VariantName = "[No Variations]"
Add component (AddParameter): Name = "Package"; Value = "C-0805"; VariantName = "[No Variations]"
Add component (AddParameter): Name = "Value"; Value = "1мк"; VariantName = "[No Variations]"
Add component (AddParameter): Name = "Voltage"; Value = "50"; VariantName = "[No Variations]"
Added Component: Designator=C38(C-0805)
Add component (AddParameter): Name = "ComponentDescription"; Value = "Конденсатор керамический SMD, C-0805, 50В, 1мк, X7R"; VariantName = "[No Variations]"
Add component (AddParameter): Name = "ComponentType"; Value = "Конденсатор керамический SMD"; VariantName = "[No Variations]"
Add component (AddParameter): Name = "Dielectric"; Value = "X7R"; VariantName = "[No Variations]"
Add component (AddParameter): Name = "Package"; Value = "C-0805"; VariantName = "[No Variations]"
Add component (AddParameter): Name = "Value"; Value = "1мк"; VariantName = "[No Variations]"
Add component (AddParameter): Name = "Voltage"; Value = "50"; VariantName = "[No Variations]"
Added Component: Designator=C41(C-0805)
Add component (AddParameter): Name = "ComponentDescription"; Value = "Конденсатор керамический SMD, C-0805, 50В, 0.1мк, X7R"; VariantName = "[No Variations]"
Add component (AddParameter): Name = "ComponentType"; Value = "Конденсатор керамический SMD"; VariantName = "[No Variations]"
Add component (AddParameter): Name = "Dielectric"; Value = "X7R"; VariantName = "[No Variations]"
Add component (AddParameter): Name = "Package"; Value = "C-0805"; VariantName = "[No Variations]"
Add component (AddParameter): Name = "Value"; Value = "0.1мк"; VariantName = "[No Variations]"
Add component (AddParameter): Name = "Voltage"; Value = "50"; VariantName = "[No Variations]"
Added Pin To Net: NetName=GND_PRIM Pin=C6-1
Added Pin To Net: NetName=NetC6_2 Pin=C6-2
Added Pin To Net: NetName=NetC7_1 Pin=C7-1
Added Pin To Net: NetName=GND_PRIM Pin=C7-2
Added Pin To Net: NetName=NetC8_1 Pin=C8-1
Added Pin To Net: NetName=GND_PRIM Pin=C8-2
Added Pin To Net: NetName=NetC10_1 Pin=C13-1
Added Pin To Net: NetName=GND_PRIM Pin=C13-2
Added Pin To Net: NetName=NetC10_1 Pin=C14-1
Added Pin To Net: NetName=GND_PRIM Pin=C14-2
Added Pin To Net: NetName=NetC10_1 Pin=C16-1
Added Pin To Net: NetName=GND_PRIM Pin=C16-2
Added Pin To Net: NetName=NetC17_1 Pin=C17-1
Added Pin To Net: NetName=GND_PRIM Pin=C17-2
Added Pin To Net: NetName=GND_SEC Pin=C26-1
Added Pin To Net: NetName=+Supply Pin=C26-2
Added Pin To Net: NetName=GND_SEC Pin=C30-1
Added Pin To Net: NetName=+Supply Pin=C30-2
Added Pin To Net: NetName=+Supply Pin=C34-1
Added Pin To Net: NetName=GND_SEC Pin=C34-2
Added Pin To Net: NetName=GND_SEC Pin=C35-1
Added Pin To Net: NetName=+Supply Pin=C35-2
Added Pin To Net: NetName=GND_SEC Pin=C38-1
Added Pin To Net: NetName=+Supply Pin=C38-2
Added Pin To Net: NetName=+12V Pin=C41-1
Added Pin To Net: NetName=GND_SEC Pin=C41-2
Added Member To Class: ClassName=Sheet2 Member=Component C6 2200
Added Member To Class: ClassName=Sheet2 Member=Component C7 68
Added Member To Class: ClassName=Sheet2 Member=Component C8 0.1мк
Added Member To Class: ClassName=Sheet2 Member=Component C13 0.1мк
Added Member To Class: ClassName=Sheet2 Member=Component C14 1мк
Added Member To Class: ClassName=Sheet2 Member=Component C16 1мк
Added Member To Class: ClassName=Sheet2 Member=Component C17 22мк
Added Member To Class: ClassName=Sheet2 Member=Component C26 1мк
Added Member To Class: ClassName=Sheet2 Member=Component C30 1мк
Added Member To Class: ClassName=Sheet2 Member=Component C34 0.1мк
Added Member To Class: ClassName=Sheet2 Member=Component C35 1мк
Added Member To Class: ClassName=Sheet2 Member=Component C38 1мк
Added Member To Class: ClassName=Sheet2 Member=Component C41 0.1мк
