Added Component: Designator=R25(r-0603)
Add component (AddParameter): Name = "ComponentDescription"; Value = "Резистор SMD, r-0603, *Ом, 5%"; VariantName = "[No Variations]"
Add component (AddParameter): Name = "ComponentType"; Value = "Резистор SMD"; VariantName = "[No Variations]"
Add component (AddParameter): Name = "Package"; Value = "r-0603"; VariantName = "[No Variations]"
Add component (AddParameter): Name = "Tolerance"; Value = "5%"; VariantName = "[No Variations]"
Add component (AddParameter): Name = "Value"; Value = ""; VariantName = "[No Variations]"
Added Component: Designator=R26(r-0603)
Add component (AddParameter): Name = "ComponentDescription"; Value = "Резистор SMD, r-0603, *Ом, 5%"; VariantName = "[No Variations]"
Add component (AddParameter): Name = "ComponentType"; Value = "Резистор SMD"; VariantName = "[No Variations]"
Add component (AddParameter): Name = "Package"; Value = "r-0603"; VariantName = "[No Variations]"
Add component (AddParameter): Name = "Tolerance"; Value = "5%"; VariantName = "[No Variations]"
Add component (AddParameter): Name = "Value"; Value = ""; VariantName = "[No Variations]"
Added Component: Designator=R27(r-0603)
Add component (AddParameter): Name = "ComponentDescription"; Value = "Резистор SMD, r-0603, *Ом, 5%"; VariantName = "[No Variations]"
Add component (AddParameter): Name = "ComponentType"; Value = "Резистор SMD"; VariantName = "[No Variations]"
Add component (AddParameter): Name = "Package"; Value = "r-0603"; VariantName = "[No Variations]"
Add component (AddParameter): Name = "Tolerance"; Value = "5%"; VariantName = "[No Variations]"
Add component (AddParameter): Name = "Value"; Value = ""; VariantName = "[No Variations]"
Added Component: Designator=R28(r-0603)
Add component (AddParameter): Name = "ComponentDescription"; Value = "Резистор SMD, r-0603, *Ом, 5%"; VariantName = "[No Variations]"
Add component (AddParameter): Name = "ComponentType"; Value = "Резистор SMD"; VariantName = "[No Variations]"
Add component (AddParameter): Name = "Package"; Value = "r-0603"; VariantName = "[No Variations]"
Add component (AddParameter): Name = "Tolerance"; Value = "5%"; VariantName = "[No Variations]"
Add component (AddParameter): Name = "Value"; Value = ""; VariantName = "[No Variations]"
Added Component: Designator=R29(r-0603)
Add component (AddParameter): Name = "ComponentDescription"; Value = "Резистор SMD, r-0603, *Ом, 5%"; VariantName = "[No Variations]"
Add component (AddParameter): Name = "ComponentType"; Value = "Резистор SMD"; VariantName = "[No Variations]"
Add component (AddParameter): Name = "Package"; Value = "r-0603"; VariantName = "[No Variations]"
Add component (AddParameter): Name = "Tolerance"; Value = "5%"; VariantName = "[No Variations]"
Add component (AddParameter): Name = "Value"; Value = ""; VariantName = "[No Variations]"
Added Component: Designator=R30(r-0603)
Add component (AddParameter): Name = "ComponentDescription"; Value = "Резистор SMD, r-0603, *Ом, 5%"; VariantName = "[No Variations]"
Add component (AddParameter): Name = "ComponentType"; Value = "Резистор SMD"; VariantName = "[No Variations]"
Add component (AddParameter): Name = "Package"; Value = "r-0603"; VariantName = "[No Variations]"
Add component (AddParameter): Name = "Tolerance"; Value = "5%"; VariantName = "[No Variations]"
Add component (AddParameter): Name = "Value"; Value = ""; VariantName = "[No Variations]"
Added Component: Designator=R32(r-0603)
Add component (AddParameter): Name = "ComponentDescription"; Value = "Резистор SMD, r-0603, *Ом, 5%"; VariantName = "[No Variations]"
Add component (AddParameter): Name = "ComponentType"; Value = "Резистор SMD"; VariantName = "[No Variations]"
Add component (AddParameter): Name = "Package"; Value = "r-0603"; VariantName = "[No Variations]"
Add component (AddParameter): Name = "Tolerance"; Value = "5%"; VariantName = "[No Variations]"
Add component (AddParameter): Name = "Value"; Value = ""; VariantName = "[No Variations]"
Added Component: Designator=R33(r-0603)
Add component (AddParameter): Name = "ComponentDescription"; Value = "Резистор SMD, r-0603, *Ом, 5%"; VariantName = "[No Variations]"
Add component (AddParameter): Name = "ComponentType"; Value = "Резистор SMD"; VariantName = "[No Variations]"
Add component (AddParameter): Name = "Package"; Value = "r-0603"; VariantName = "[No Variations]"
Add component (AddParameter): Name = "Tolerance"; Value = "5%"; VariantName = "[No Variations]"
Add component (AddParameter): Name = "Value"; Value = ""; VariantName = "[No Variations]"
Added Component: Designator=R34(r-0603)
Add component (AddParameter): Name = "ComponentDescription"; Value = "Резистор SMD, r-0603, *Ом, 5%"; VariantName = "[No Variations]"
Add component (AddParameter): Name = "ComponentType"; Value = "Резистор SMD"; VariantName = "[No Variations]"
Add component (AddParameter): Name = "Package"; Value = "r-0603"; VariantName = "[No Variations]"
Add component (AddParameter): Name = "Tolerance"; Value = "5%"; VariantName = "[No Variations]"
Add component (AddParameter): Name = "Value"; Value = ""; VariantName = "[No Variations]"
Added Component: Designator=R36(r-0603)
Add component (AddParameter): Name = "ComponentDescription"; Value = "Резистор SMD, r-0603, *Ом, 5%"; VariantName = "[No Variations]"
Add component (AddParameter): Name = "ComponentType"; Value = "Резистор SMD"; VariantName = "[No Variations]"
Add component (AddParameter): Name = "Package"; Value = "r-0603"; VariantName = "[No Variations]"
Add component (AddParameter): Name = "Tolerance"; Value = "5%"; VariantName = "[No Variations]"
Add component (AddParameter): Name = "Value"; Value = ""; VariantName = "[No Variations]"
Added Component: Designator=R37(r-0603)
Add component (AddParameter): Name = "ComponentDescription"; Value = "Резистор SMD, r-0603, *Ом, 5%"; VariantName = "[No Variations]"
Add component (AddParameter): Name = "ComponentType"; Value = "Резистор SMD"; VariantName = "[No Variations]"
Add component (AddParameter): Name = "Package"; Value = "r-0603"; VariantName = "[No Variations]"
Add component (AddParameter): Name = "Tolerance"; Value = "5%"; VariantName = "[No Variations]"
Add component (AddParameter): Name = "Value"; Value = ""; VariantName = "[No Variations]"
Added Component: Designator=R38(r-0603)
Add component (AddParameter): Name = "ComponentDescription"; Value = "Резистор SMD, r-0603, *Ом, 5%"; VariantName = "[No Variations]"
Add component (AddParameter): Name = "ComponentType"; Value = "Резистор SMD"; VariantName = "[No Variations]"
Add component (AddParameter): Name = "Package"; Value = "r-0603"; VariantName = "[No Variations]"
Add component (AddParameter): Name = "Tolerance"; Value = "5%"; VariantName = "[No Variations]"
Add component (AddParameter): Name = "Value"; Value = ""; VariantName = "[No Variations]"
Added Component: Designator=R39(r-0603)
Add component (AddParameter): Name = "ComponentDescription"; Value = "Резистор SMD, r-0603, *Ом, 5%"; VariantName = "[No Variations]"
Add component (AddParameter): Name = "ComponentType"; Value = "Резистор SMD"; VariantName = "[No Variations]"
Add component (AddParameter): Name = "Package"; Value = "r-0603"; VariantName = "[No Variations]"
Add component (AddParameter): Name = "Tolerance"; Value = "5%"; VariantName = "[No Variations]"
Add component (AddParameter): Name = "Value"; Value = ""; VariantName = "[No Variations]"
Added Component: Designator=R41(r-0603)
Add component (AddParameter): Name = "ComponentDescription"; Value = "Резистор SMD, r-0603, *Ом, 5%"; VariantName = "[No Variations]"
Add component (AddParameter): Name = "ComponentType"; Value = "Резистор SMD"; VariantName = "[No Variations]"
Add component (AddParameter): Name = "Package"; Value = "r-0603"; VariantName = "[No Variations]"
Add component (AddParameter): Name = "Tolerance"; Value = "5%"; VariantName = "[No Variations]"
Add component (AddParameter): Name = "Value"; Value = ""; VariantName = "[No Variations]"
Added Component: Designator=R42(r-0603)
Add component (AddParameter): Name = "ComponentDescription"; Value = "Резистор SMD, r-0603, *Ом, 5%"; VariantName = "[No Variations]"
Add component (AddParameter): Name = "ComponentType"; Value = "Резистор SMD"; VariantName = "[No Variations]"
Add component (AddParameter): Name = "Package"; Value = "r-0603"; VariantName = "[No Variations]"
Add component (AddParameter): Name = "Tolerance"; Value = "5%"; VariantName = "[No Variations]"
Add component (AddParameter): Name = "Value"; Value = ""; VariantName = "[No Variations]"
Added Component: Designator=R43(r-0603)
Add component (AddParameter): Name = "ComponentDescription"; Value = "Резистор SMD, r-0603, *Ом, 5%"; VariantName = "[No Variations]"
Add component (AddParameter): Name = "ComponentType"; Value = "Резистор SMD"; VariantName = "[No Variations]"
Add component (AddParameter): Name = "Package"; Value = "r-0603"; VariantName = "[No Variations]"
Add component (AddParameter): Name = "Tolerance"; Value = "5%"; VariantName = "[No Variations]"
Add component (AddParameter): Name = "Value"; Value = ""; VariantName = "[No Variations]"
Added Component: Designator=R44(r-0603)
Add component (AddParameter): Name = "ComponentDescription"; Value = "Резистор SMD, r-0603, *Ом, 5%"; VariantName = "[No Variations]"
Add component (AddParameter): Name = "ComponentType"; Value = "Резистор SMD"; VariantName = "[No Variations]"
Add component (AddParameter): Name = "Package"; Value = "r-0603"; VariantName = "[No Variations]"
Add component (AddParameter): Name = "Tolerance"; Value = "5%"; VariantName = "[No Variations]"
Add component (AddParameter): Name = "Value"; Value = ""; VariantName = "[No Variations]"
Added Component: Designator=R45(r-0603)
Add component (AddParameter): Name = "ComponentDescription"; Value = "Резистор SMD, r-0603, *Ом, 5%"; VariantName = "[No Variations]"
Add component (AddParameter): Name = "ComponentType"; Value = "Резистор SMD"; VariantName = "[No Variations]"
Add component (AddParameter): Name = "Package"; Value = "r-0603"; VariantName = "[No Variations]"
Add component (AddParameter): Name = "Tolerance"; Value = "5%"; VariantName = "[No Variations]"
Add component (AddParameter): Name = "Value"; Value = ""; VariantName = "[No Variations]"
Added Component: Designator=R46(r-0603)
Add component (AddParameter): Name = "ComponentDescription"; Value = "Резистор SMD, r-0603, *Ом, 5%"; VariantName = "[No Variations]"
Add component (AddParameter): Name = "ComponentType"; Value = "Резистор SMD"; VariantName = "[No Variations]"
Add component (AddParameter): Name = "Package"; Value = "r-0603"; VariantName = "[No Variations]"
Add component (AddParameter): Name = "Tolerance"; Value = "5%"; VariantName = "[No Variations]"
Add component (AddParameter): Name = "Value"; Value = ""; VariantName = "[No Variations]"
Added Component: Designator=R47(r-0603)
Add component (AddParameter): Name = "ComponentDescription"; Value = "Резистор SMD, r-0603, *Ом, 5%"; VariantName = "[No Variations]"
Add component (AddParameter): Name = "ComponentType"; Value = "Резистор SMD"; VariantName = "[No Variations]"
Add component (AddParameter): Name = "Package"; Value = "r-0603"; VariantName = "[No Variations]"
Add component (AddParameter): Name = "Tolerance"; Value = "5%"; VariantName = "[No Variations]"
Add component (AddParameter): Name = "Value"; Value = ""; VariantName = "[No Variations]"
Added Component: Designator=R48(r-0603)
Add component (AddParameter): Name = "ComponentDescription"; Value = "Резистор SMD, r-0603, *Ом, 5%"; VariantName = "[No Variations]"
Add component (AddParameter): Name = "ComponentType"; Value = "Резистор SMD"; VariantName = "[No Variations]"
Add component (AddParameter): Name = "Package"; Value = "r-0603"; VariantName = "[No Variations]"
Add component (AddParameter): Name = "Tolerance"; Value = "5%"; VariantName = "[No Variations]"
Add component (AddParameter): Name = "Value"; Value = ""; VariantName = "[No Variations]"
Added Pin To Net: NetName=NetD3_1 Pin=R25-1
Added Pin To Net: NetName=+12V Pin=R25-2
Added Pin To Net: NetName=FB_SEC Pin=R26-1
Added Pin To Net: NetName=NetD3_1 Pin=R26-2
Added Pin To Net: NetName=NetC21_1 Pin=R27-1
Added Pin To Net: NetName=NetD4_1 Pin=R27-2
Added Pin To Net: NetName=NetC22_1 Pin=R28-1
Added Pin To Net: NetName=NetD4_7 Pin=R28-2
Added Pin To Net: NetName=AB_CUR_AMP Pin=R29-1
Added Pin To Net: NetName=NetC15_1 Pin=R29-2
Added Pin To Net: NetName=NetC15_1 Pin=R30-1
Added Pin To Net: NetName=GND_SEC Pin=R30-2
Added Pin To Net: NetName=+Supply Pin=R32-1
Added Pin To Net: NetName=NetC22_2 Pin=R32-2
Added Pin To Net: NetName=NetC22_2 Pin=R33-1
Added Pin To Net: NetName=GND_SEC Pin=R33-2
Added Pin To Net: NetName=NetR34_1 Pin=R34-1
Added Pin To Net: NetName=NetD4_5 Pin=R34-2
Added Pin To Net: NetName=NetR36_1 Pin=R36-1
Added Pin To Net: NetName=LEVEL_SHIFT Pin=R36-2
Added Pin To Net: NetName=NetR37_1 Pin=R37-1
Added Pin To Net: NetName=NetDA1_3 Pin=R37-2
Added Pin To Net: NetName=LEVEL_SHIFT Pin=R38-1
Added Pin To Net: NetName=GND_SEC Pin=R38-2
Added Pin To Net: NetName=LEVEL_SHIFT Pin=R39-1
Added Pin To Net: NetName=NetR39_2 Pin=R39-2
Added Pin To Net: NetName=NetR41_1 Pin=R41-1
Added Pin To Net: NetName=AKB- Pin=R41-2
Added Pin To Net: NetName=NetR42_1 Pin=R42-1
Added Pin To Net: NetName=LEVEL_SHIFT Pin=R42-2
Added Pin To Net: NetName=NetR43_1 Pin=R43-1
Added Pin To Net: NetName=NetR41_1 Pin=R43-2
Added Pin To Net: NetName=NetR44_1 Pin=R44-1
Added Pin To Net: NetName=NetD4_3 Pin=R44-2
Added Pin To Net: NetName=NetD5_1 Pin=R45-1
Added Pin To Net: NetName=NetD4_3 Pin=R45-2
Added Pin To Net: NetName=NetD5_1 Pin=R46-1
Added Pin To Net: NetName=NetD4_5 Pin=R46-2
Added Pin To Net: NetName=NetR47_1 Pin=R47-1
Added Pin To Net: NetName=+12V Pin=R47-2
Added Pin To Net: NetName=+12V Pin=R48-1
Added Pin To Net: NetName=NetD5_1 Pin=R48-2
Added Member To Class: ClassName=Sheet2 Member=Component R25 *
Added Member To Class: ClassName=Sheet2 Member=Component R26 *
Added Member To Class: ClassName=Sheet2 Member=Component R27 *
Added Member To Class: ClassName=Sheet2 Member=Component R28 *
Added Member To Class: ClassName=Sheet2 Member=Component R29 *
Added Member To Class: ClassName=Sheet2 Member=Component R30 *
Added Member To Class: ClassName=Sheet2 Member=Component R32 *
Added Member To Class: ClassName=Sheet2 Member=Component R33 *
Added Member To Class: ClassName=Sheet2 Member=Component R34 *
Added Member To Class: ClassName=Sheet2 Member=Component R36 *
Added Member To Class: ClassName=Sheet2 Member=Component R37 *
Added Member To Class: ClassName=Sheet2 Member=Component R38 *
Added Member To Class: ClassName=Sheet2 Member=Component R39 *
Added Member To Class: ClassName=Sheet2 Member=Component R41 *
Added Member To Class: ClassName=Sheet2 Member=Component R42 *
Added Member To Class: ClassName=Sheet2 Member=Component R43 *
Added Member To Class: ClassName=Sheet2 Member=Component R44 *
Added Member To Class: ClassName=Sheet2 Member=Component R45 *
Added Member To Class: ClassName=Sheet2 Member=Component R46 *
Added Member To Class: ClassName=Sheet2 Member=Component R47 *
Added Member To Class: ClassName=Sheet2 Member=Component R48 *
