Added Component: Designator=C1(FILM_P1500L1800W1100H1400PD80)
Add component (AddParameter): Name = "ComponentDescription"; Value = "Конденсатор пленочный, 0.68мк, 275В, X2, FILM_P1500L1800W1100H1400PD80"; VariantName = "[No Variations]"
Add component (AddParameter): Name = "ComponentType"; Value = "Конденсатор пленочный"; VariantName = "[No Variations]"
Add component (AddParameter): Name = "Dielectric"; Value = "X2"; VariantName = "[No Variations]"
Add component (AddParameter): Name = "Package"; Value = "FILM_P1500L1800W1100H1400PD80"; VariantName = "[No Variations]"
Add component (AddParameter): Name = "Value"; Value = "0.68мк"; VariantName = "[No Variations]"
Add component (AddParameter): Name = "Voltage"; Value = "275В"; VariantName = "[No Variations]"
Added Component: Designator=C3(C-0805)
Add component (AddParameter): Name = "ComponentDescription"; Value = "Конденсатор керамический SMD, C-0805, 50В, 1мк, X7R"; VariantName = "[No Variations]"
Add component (AddParameter): Name = "ComponentType"; Value = "Конденсатор керамический SMD"; VariantName = "[No Variations]"
Add component (AddParameter): Name = "Dielectric"; Value = "X7R"; VariantName = "[No Variations]"
Add component (AddParameter): Name = "Package"; Value = "C-0805"; VariantName = "[No Variations]"
Add component (AddParameter): Name = "Value"; Value = "1мк"; VariantName = "[No Variations]"
Add component (AddParameter): Name = "Voltage"; Value = "50"; VariantName = "[No Variations]"
Added Pin To Net: NetName=NetC1_1 Pin=C1-1
Added Pin To Net: NetName=NetC1_2 Pin=C1-2
Added Pin To Net: NetName=GND_PRIM Pin=C3-1
Added Pin To Net: NetName=NetC3_2 Pin=C3-2
Added Member To Class: ClassName=Sheet2 Member=Component C1 0.68мк 275В
Added Member To Class: ClassName=Sheet2 Member=Component C3 1мк
