Added Component: Designator=D2(DIP4-SMD)
Add component (AddParameter): Name = "ComponentDescription"; Value = "Оптрон с транзисторным выходом, PC817, DIP4-SMD"; VariantName = "[No Variations]"
Add component (AddParameter): Name = "ComponentType"; Value = "Оптрон с транзисторным выходом"; VariantName = "[No Variations]"
Add component (AddParameter): Name = "Package"; Value = "DIP4-SMD"; VariantName = "[No Variations]"
Added Component: Designator=D3(DIP4-SMD)
Add component (AddParameter): Name = "ComponentDescription"; Value = "Оптрон с транзисторным выходом, PC817, DIP4-SMD"; VariantName = "[No Variations]"
Add component (AddParameter): Name = "ComponentType"; Value = "Оптрон с транзисторным выходом"; VariantName = "[No Variations]"
Add component (AddParameter): Name = "Package"; Value = "DIP4-SMD"; VariantName = "[No Variations]"
Added Component: Designator=D4(8-SOIC)
Add component (AddParameter): Name = "ComponentDescription"; Value = "Микросхема сдвоенный ОУ, LM258, 8-SOIC"; VariantName = "[No Variations]"
Add component (AddParameter): Name = "ComponentTypе"; Value = "Микросхема сдвоенный ОУ"; VariantName = "[No Variations]"
Add component (AddParameter): Name = "Package"; Value = "8-SOIC"; VariantName = "[No Variations]"
Added Component: Designator=DA1(8-SOIC)
Add component (AddParameter): Name = "ComponentDescription"; Value = "LM358"; VariantName = "[No Variations]"
Add component (AddParameter): Name = "Value"; Value = "LM358"; VariantName = "[No Variations]"
Added Component: Designator=HL1(LED-0805G)
Add component (AddParameter): Name = "Color"; Value = "зелёный"; VariantName = "[No Variations]"
Add component (AddParameter): Name = "ComponentDescription"; Value = "Светодиод, зелёный, __GENERIC_LED, LED-0805G"; VariantName = "[No Variations]"
Add component (AddParameter): Name = "ComponentType"; Value = "Светодиод"; VariantName = "[No Variations]"
Add component (AddParameter): Name = "Package"; Value = "LED-0805G"; VariantName = "[No Variations]"
Added Component: Designator=TV1(PQ2620)
Add component (AddParameter): Name = "ComponentDescription"; Value = "PQ3535"; VariantName = "[No Variations]"
Added Component: Designator=VD2(MICROMELF(SOD80))
Add component (AddParameter): Name = "ComponentDescription"; Value = "Диод Зенера (стабилитрон), BZM55 15В, MICROMELF(SOD80)"; VariantName = "[No Variations]"
Add component (AddParameter): Name = "ComponentName"; Value = "BZM55"; VariantName = "[No Variations]"
Add component (AddParameter): Name = "ComponentType"; Value = "Диод Зенера (стабилитрон)"; VariantName = "[No Variations]"
Add component (AddParameter): Name = "Package"; Value = "MICROMELF(SOD80)"; VariantName = "[No Variations]"
Added Component: Designator=VD3(DO-214AC)
Add component (AddParameter): Name = "ComponentDescription"; Value = "Диод выпрямительный одиночный, *, DO-214AC"; VariantName = "[No Variations]"
Add component (AddParameter): Name = "ComponentType"; Value = "Диод выпрямительный одиночный"; VariantName = "[No Variations]"
Add component (AddParameter): Name = "Package"; Value = "DO-214AC"; VariantName = "[No Variations]"
Added Component: Designator=VD4(SOD-123FL)
Add component (AddParameter): Name = "ComponentDescription"; Value = "Диод выпрямительный одиночный, SL1G, SOD-123FL"; VariantName = "[No Variations]"
Add component (AddParameter): Name = "ComponentType"; Value = "Диод выпрямительный одиночный"; VariantName = "[No Variations]"
Add component (AddParameter): Name = "Package"; Value = "SOD-123FL"; VariantName = "[No Variations]"
Added Component: Designator=VD5(MICROMELF(SOD80))
Add component (AddParameter): Name = "ComponentDescription"; Value = "Диод Зенера (стабилитрон), BZM55 15В, MICROMELF(SOD80)"; VariantName = "[No Variations]"
Add component (AddParameter): Name = "ComponentName"; Value = "BZM55"; VariantName = "[No Variations]"
Add component (AddParameter): Name = "ComponentType"; Value = "Диод Зенера (стабилитрон)"; VariantName = "[No Variations]"
Add component (AddParameter): Name = "Package"; Value = "MICROMELF(SOD80)"; VariantName = "[No Variations]"
Added Component: Designator=VD6(DO-214AC)
Add component (AddParameter): Name = "ComponentDescription"; Value = "Диод выпрямительный одиночный, *, DO-214AC"; VariantName = "[No Variations]"
Add component (AddParameter): Name = "ComponentType"; Value = "Диод выпрямительный одиночный"; VariantName = "[No Variations]"
Add component (AddParameter): Name = "Package"; Value = "DO-214AC"; VariantName = "[No Variations]"
Added Component: Designator=VD7(DO-214AA)
Add component (AddParameter): Name = "ComponentDescription"; Value = "Диод выпрямительный одиночный , MURS160, DO-214AA"; VariantName = "[No Variations]"
Add component (AddParameter): Name = "ComponentType"; Value = "Диод выпрямительный одиночный "; VariantName = "[No Variations]"
Add component (AddParameter): Name = "Package"; Value = "DO-214AA"; VariantName = "[No Variations]"
Added Component: Designator=VD8(DO-214AC)
Add component (AddParameter): Name = "ComponentDescription"; Value = "Диод выпрямительный одиночный , US1MG, DO-214AC"; VariantName = "[No Variations]"
Add component (AddParameter): Name = "ComponentType"; Value = "Диод выпрямительный одиночный "; VariantName = "[No Variations]"
Add component (AddParameter): Name = "Package"; Value = "DO-214AC"; VariantName = "[No Variations]"
Added Component: Designator=VD9(DO-214AC)
Add component (AddParameter): Name = "ComponentDescription"; Value = "Диод выпрямительный одиночный, *, DO-214AC"; VariantName = "[No Variations]"
Add component (AddParameter): Name = "ComponentType"; Value = "Диод выпрямительный одиночный"; VariantName = "[No Variations]"
Add component (AddParameter): Name = "Package"; Value = "DO-214AC"; VariantName = "[No Variations]"
Added Component: Designator=VD10(MICROMELF(SOD80))
Add component (AddParameter): Name = "ComponentDescription"; Value = "Диод Зенера (стабилитрон), BZM55 15В, MICROMELF(SOD80)"; VariantName = "[No Variations]"
Add component (AddParameter): Name = "ComponentName"; Value = "BZM55"; VariantName = "[No Variations]"
Add component (AddParameter): Name = "ComponentType"; Value = "Диод Зенера (стабилитрон)"; VariantName = "[No Variations]"
Add component (AddParameter): Name = "Package"; Value = "MICROMELF(SOD80)"; VariantName = "[No Variations]"
Added Component: Designator=VD12(DO-214AA)
Add component (AddParameter): Name = "ComponentDescription"; Value = "Защитный диод униполярный, P6SMB30A, DO-214AA"; VariantName = "[No Variations]"
Add component (AddParameter): Name = "ComponentType"; Value = "Защитный диод униполярный"; VariantName = "[No Variations]"
Add component (AddParameter): Name = "Package"; Value = "DO-214AA"; VariantName = "[No Variations]"
Added Component: Designator=VD14(MICROMELF(SOD80))
Add component (AddParameter): Name = "ComponentDescription"; Value = "Диод Зенера (стабилитрон), BZM55 *, MICROMELF(SOD80)"; VariantName = "[No Variations]"
Add component (AddParameter): Name = "ComponentName"; Value = "BZM55"; VariantName = "[No Variations]"
Add component (AddParameter): Name = "ComponentType"; Value = "Диод Зенера (стабилитрон)"; VariantName = "[No Variations]"
Add component (AddParameter): Name = "Package"; Value = "MICROMELF(SOD80)"; VariantName = "[No Variations]"
Added Component: Designator=VD15(MICROMELF(SOD80))
Add component (AddParameter): Name = "ComponentDescription"; Value = "Диод Зенера (стабилитрон), BZM55 *, MICROMELF(SOD80)"; VariantName = "[No Variations]"
Add component (AddParameter): Name = "ComponentName"; Value = "BZM55"; VariantName = "[No Variations]"
Add component (AddParameter): Name = "ComponentType"; Value = "Диод Зенера (стабилитрон)"; VariantName = "[No Variations]"
Add component (AddParameter): Name = "Package"; Value = "MICROMELF(SOD80)"; VariantName = "[No Variations]"
Added Component: Designator=VT1(SOT-223-4)
Add component (AddParameter): Name = "ChannelType"; Value = "NPN"; VariantName = "[No Variations]"
Add component (AddParameter): Name = "ComponentDescription"; Value = "Транзистор биполярный, NPN, BCP54, SOT-223-4"; VariantName = "[No Variations]"
Add component (AddParameter): Name = "ComponentType"; Value = "Транзистор биполярный"; VariantName = "[No Variations]"
Add component (AddParameter): Name = "Package"; Value = "SOT-223-4"; VariantName = "[No Variations]"
Added Component: Designator=VT2(TO-252)
Add component (AddParameter): Name = "ChannelType"; Value = "N-канальный"; VariantName = "[No Variations]"
Add component (AddParameter): Name = "ComponentDescription"; Value = "Транзистор МОП, одиночный, N-канальный, IPD60R180P7, TO-252"; VariantName = "[No Variations]"
Add component (AddParameter): Name = "ComponentType"; Value = "Транзистор МОП, одиночный"; VariantName = "[No Variations]"
Add component (AddParameter): Name = "Package"; Value = "TO-252"; VariantName = "[No Variations]"
Added Component: Designator=VT3(SOT-223-4)
Add component (AddParameter): Name = "ChannelType"; Value = "NPN"; VariantName = "[No Variations]"
Add component (AddParameter): Name = "ComponentDescription"; Value = "Транзистор биполярный, NPN, BCP54, SOT-223-4"; VariantName = "[No Variations]"
Add component (AddParameter): Name = "ComponentType"; Value = "Транзистор биполярный"; VariantName = "[No Variations]"
Add component (AddParameter): Name = "Package"; Value = "SOT-223-4"; VariantName = "[No Variations]"
Added Component: Designator=VT4(SOT-323-3)
Add component (AddParameter): Name = "ChannelType"; Value = "NPN"; VariantName = "[No Variations]"
Add component (AddParameter): Name = "ComponentDescription"; Value = "Транзистор биполярный, NPN, BC847BW, SOT-323-3"; VariantName = "[No Variations]"
Add component (AddParameter): Name = "ComponentType"; Value = "Транзистор биполярный"; VariantName = "[No Variations]"
Add component (AddParameter): Name = "Package"; Value = "SOT-323-3"; VariantName = "[No Variations]"
Added Component: Designator=VT5(TO-263-3)
Add component (AddParameter): Name = "ComponentDescription"; Value = "IRLR2905"; VariantName = "[No Variations]"
Add component (AddParameter): Name = "Value"; Value = "IRLR2905"; VariantName = "[No Variations]"
Added Component: Designator=VT6(SOT-323-3)
Add component (AddParameter): Name = "ChannelType"; Value = "NPN"; VariantName = "[No Variations]"
Add component (AddParameter): Name = "ComponentDescription"; Value = "Транзистор биполярный, NPN, BC847BW, SOT-323-3"; VariantName = "[No Variations]"
Add component (AddParameter): Name = "ComponentType"; Value = "Транзистор биполярный"; VariantName = "[No Variations]"
Add component (AddParameter): Name = "Package"; Value = "SOT-323-3"; VariantName = "[No Variations]"
Added Component: Designator=VT7(SOT-323-6)
Add component (AddParameter): Name = "ChannelType"; Value = "NPN-PNP"; VariantName = "[No Variations]"
Add component (AddParameter): Name = "ComponentDescription"; Value = "Цифровая сборка, NPN-PNP, PUMD2, SOT-323-6"; VariantName = "[No Variations]"
Add component (AddParameter): Name = "ComponentType"; Value = "Цифровая сборка"; VariantName = "[No Variations]"
Add component (AddParameter): Name = "Package"; Value = "SOT-323-6"; VariantName = "[No Variations]"
Added Component: Designator=VT8(SOT-323-3)
Add component (AddParameter): Name = "ChannelType"; Value = "NPN"; VariantName = "[No Variations]"
Add component (AddParameter): Name = "ComponentDescription"; Value = "Транзистор биполярный, NPN, BC847BW, SOT-323-3"; VariantName = "[No Variations]"
Add component (AddParameter): Name = "ComponentType"; Value = "Транзистор биполярный"; VariantName = "[No Variations]"
Add component (AddParameter): Name = "Package"; Value = "SOT-323-3"; VariantName = "[No Variations]"
Added Component: Designator=VT9(SOT-323-6)
Add component (AddParameter): Name = "ChannelType"; Value = "NPN-PNP"; VariantName = "[No Variations]"
Add component (AddParameter): Name = "ComponentDescription"; Value = "Цифровая сборка, NPN-PNP, PUMD2, SOT-323-6"; VariantName = "[No Variations]"
Add component (AddParameter): Name = "ComponentType"; Value = "Цифровая сборка"; VariantName = "[No Variations]"
Add component (AddParameter): Name = "Package"; Value = "SOT-323-6"; VariantName = "[No Variations]"
Added Component: Designator=X3(PAD3MM)
Added Component: Designator=X4(PAD3MM)
Added Pin To Net: NetName=+12V Pin=D4-8
Added Pin To Net: NetName=+12V Pin=DA1-8
Added Pin To Net: NetName=+12V Pin=VT3-3
Added Pin To Net: NetName=+12V Pin=VT7-4
Added Net: Name=+12V
Added Pin To Net: NetName=+Supply Pin=VT3-2
Added Pin To Net: NetName=+Supply Pin=VT3-2
Added Pin To Net: NetName=+Supply Pin=VT9-4
Added Pin To Net: NetName=+Supply Pin=X3-1
Added Pin To Net: NetName=+Supply Pin=VD3-2
Added Pin To Net: NetName=+Supply Pin=VD6-2
Added Pin To Net: NetName=+Supply Pin=VD9-2
Added Pin To Net: NetName=+Supply Pin=VD12-2
Added Net: Name=+Supply
Added Pin To Net: NetName=AB_CUR_AMP Pin=DA1-1
Added Net: Name=AB_CUR_AMP
Added Pin To Net: NetName=AKB- Pin=VT5-3
Added Pin To Net: NetName=AKB- Pin=X4-1
Added Net: Name=AKB-
Added Pin To Net: NetName=FB_SEC Pin=D3-2
Added Net: Name=FB_SEC
Added Pin To Net: NetName=GND_PRIM Pin=D2-3
Added Pin To Net: NetName=GND_PRIM Pin=TV1-2
Added Pin To Net: NetName=GND_PRIM Pin=HL1-2
Added Pin To Net: NetName=GND_PRIM Pin=VD2-1
Added Pin To Net: NetName=GND_PRIM Pin=VD5-1
Added Net: Name=GND_PRIM
Added Pin To Net: NetName=GND_SEC Pin=D4-4
Added Pin To Net: NetName=GND_SEC Pin=DA1-4
Added Pin To Net: NetName=GND_SEC Pin=TV1-7
Added Pin To Net: NetName=GND_SEC Pin=TV1-8
Added Pin To Net: NetName=GND_SEC Pin=TV1-9
Added Pin To Net: NetName=GND_SEC Pin=VT4-2
Added Pin To Net: NetName=GND_SEC Pin=VT6-2
Added Pin To Net: NetName=GND_SEC Pin=VT7-1
Added Pin To Net: NetName=GND_SEC Pin=VT8-2
Added Pin To Net: NetName=GND_SEC Pin=VT9-1
Added Pin To Net: NetName=GND_SEC Pin=VD10-1
Added Pin To Net: NetName=GND_SEC Pin=VD12-1
Added Pin To Net: NetName=GND_SEC Pin=VD15-1
Added Net: Name=GND_SEC
Added Net: Name=LEVEL_SHIFT
Added Net: Name=NetC1_1
Added Net: Name=NetC1_2
Added Net: Name=NetC2_1
Added Net: Name=NetC2_2
Added Net: Name=NetC3_2
Added Pin To Net: NetName=NetC4_1 Pin=TV1-4
Added Net: Name=NetC4_1
Added Pin To Net: NetName=NetC6_2 Pin=D2-4
Added Net: Name=NetC6_2
Added Net: Name=NetC7_1
Added Net: Name=NetC8_1
Added Net: Name=NetC9_1
Added Pin To Net: NetName=NetC10_1 Pin=VT1-3
Added Pin To Net: NetName=NetC10_1 Pin=VD2-2
Added Net: Name=NetC10_1
Added Pin To Net: NetName=NetC11_1 Pin=VT2-3
Added Net: Name=NetC11_1
Added Pin To Net: NetName=NetC11_2 Pin=TV1-6
Added Pin To Net: NetName=NetC11_2 Pin=VD7-1
Added Pin To Net: NetName=NetC11_2 Pin=VT2-4
Added Net: Name=NetC11_2
Added Pin To Net: NetName=NetC15_1 Pin=DA1-2
Added Net: Name=NetC15_1
Added Pin To Net: NetName=NetC17_1 Pin=VT1-2
Added Pin To Net: NetName=NetC17_1 Pin=VT1-2
Added Pin To Net: NetName=NetC17_1 Pin=VD8-2
Added Net: Name=NetC17_1
Added Net: Name=NetC18_1
Added Net: Name=NetC21_1
Added Pin To Net: NetName=NetC21_2 Pin=D4-2
Added Net: Name=NetC21_2
Added Net: Name=NetC22_1
Added Pin To Net: NetName=NetC22_2 Pin=D4-6
Added Net: Name=NetC22_2
Added Pin To Net: NetName=NetD1_6 Pin=VD4-2
Added Net: Name=NetD1_6
Added Pin To Net: NetName=NetD3_1 Pin=D3-1
Added Net: Name=NetD3_1
Added Pin To Net: NetName=NetD4_1 Pin=D4-1
Added Net: Name=NetD4_1
Added Pin To Net: NetName=NetD4_3 Pin=D4-3
Added Net: Name=NetD4_3
Added Pin To Net: NetName=NetD4_5 Pin=D4-5
Added Net: Name=NetD4_5
Added Pin To Net: NetName=NetD4_7 Pin=D4-7
Added Net: Name=NetD4_7
Added Net: Name=NetD5_1
Added Pin To Net: NetName=NetDA1_3 Pin=DA1-3
Added Net: Name=NetDA1_3
Added Pin To Net: NetName=NetHL1_A Pin=HL1-1
Added Net: Name=NetHL1_A
Added Net: Name=NetR1_1
Added Net: Name=NetR4_1
Added Net: Name=NetR5_1
Added Net: Name=NetR8_1
Added Net: Name=NetR9_1
Added Net: Name=NetR12_2
Added Pin To Net: NetName=NetR13_2 Pin=VD4-1
Added Pin To Net: NetName=NetR13_2 Pin=VT2-1
Added Net: Name=NetR13_2
Added Pin To Net: NetName=NetR14_2 Pin=TV1-1
Added Pin To Net: NetName=NetR14_2 Pin=VD8-1
Added Net: Name=NetR14_2
Added Pin To Net: NetName=NetR17_2 Pin=VT1-1
Added Pin To Net: NetName=NetR17_2 Pin=VD5-2
Added Net: Name=NetR17_2
Added Pin To Net: NetName=NetR21_1 Pin=VD7-2
Added Net: Name=NetR21_1
Added Pin To Net: NetName=NetR31_1 Pin=VT3-1
Added Pin To Net: NetName=NetR31_1 Pin=VD10-2
Added Net: Name=NetR31_1
Added Pin To Net: NetName=NetR34_1 Pin=VT4-3
Added Net: Name=NetR34_1
Added Pin To Net: NetName=NetR36_1 Pin=VT4-1
Added Net: Name=NetR36_1
Added Pin To Net: NetName=NetR37_1 Pin=VT5-2
Added Net: Name=NetR37_1
Added Pin To Net: NetName=NetR39_2 Pin=VT6-1
Added Net: Name=NetR39_2
Added Pin To Net: NetName=NetR41_1 Pin=VT5-1
Added Net: Name=NetR41_1
Added Pin To Net: NetName=NetR42_1 Pin=VT8-1
Added Net: Name=NetR42_1
Added Pin To Net: NetName=NetR43_1 Pin=VT7-3
Added Net: Name=NetR43_1
Added Pin To Net: NetName=NetR44_1 Pin=VT6-3
Added Net: Name=NetR44_1
Added Pin To Net: NetName=NetR47_1 Pin=VT8-3
Added Pin To Net: NetName=NetR47_1 Pin=VT9-2
Added Net: Name=NetR47_1
Added Pin To Net: NetName=NetTV1_10 Pin=TV1-10
Added Pin To Net: NetName=NetTV1_10 Pin=VD9-1
Added Net: Name=NetTV1_10
Added Pin To Net: NetName=NetTV1_11 Pin=TV1-11
Added Pin To Net: NetName=NetTV1_11 Pin=VD6-1
Added Net: Name=NetTV1_11
Added Pin To Net: NetName=NetTV1_12 Pin=TV1-12
Added Pin To Net: NetName=NetTV1_12 Pin=VD3-1
Added Net: Name=NetTV1_12
Added Pin To Net: NetName=NetVD14_A Pin=VT9-6
Added Pin To Net: NetName=NetVD14_A Pin=VD14-1
Added Net: Name=NetVD14_A
Added Pin To Net: NetName=NetVD14_K Pin=VT9-5
Added Pin To Net: NetName=NetVD14_K Pin=VD14-2
Added Pin To Net: NetName=NetVD14_K Pin=VD15-2
Added Net: Name=NetVD14_K
Added Pin To Net: NetName=NetVT7_2 Pin=VT7-2
Added Pin To Net: NetName=NetVT7_2 Pin=VT9-3
Added Net: Name=NetVT7_2
Added Pin To Net: NetName=NetVT7_5 Pin=VT7-5
Added Pin To Net: NetName=NetVT7_5 Pin=VT7-6
Added Net: Name=NetVT7_5
Added Class: Name=FLYBACK_75
Added Class: Name=HV
Added Class: Name=L
Added Class: Name=N
Added Class: Name=PRI
Added Room: Name=FLYBACK_75
