Added Component: Designator=C13(POLCAP D13)
Add component (AddParameter): Name = "ComponentDescription"; Value = "Электролитический, 470мк, 50В,  "; VariantName = "[No Variations]"
Add component (AddParameter): Name = "ComponentType"; Value = ""; VariantName = "[No Variations]"
Add component (AddParameter): Name = "Value"; Value = "470мк"; VariantName = "[No Variations]"
Add component (AddParameter): Name = "Voltage"; Value = "50В"; VariantName = "[No Variations]"
Added Component: Designator=C14(POLCAP D13)
Add component (AddParameter): Name = "ComponentDescription"; Value = "Электролитический, 470мк, 50В,  "; VariantName = "[No Variations]"
Add component (AddParameter): Name = "ComponentType"; Value = ""; VariantName = "[No Variations]"
Add component (AddParameter): Name = "Value"; Value = "470мк"; VariantName = "[No Variations]"
Add component (AddParameter): Name = "Voltage"; Value = "50В"; VariantName = "[No Variations]"
Added Component: Designator=C20(POLCAP D13)
Add component (AddParameter): Name = "ComponentDescription"; Value = "Электролитический, 470мк, 50В,  "; VariantName = "[No Variations]"
Add component (AddParameter): Name = "ComponentType"; Value = ""; VariantName = "[No Variations]"
Add component (AddParameter): Name = "Value"; Value = "470мк"; VariantName = "[No Variations]"
Add component (AddParameter): Name = "Voltage"; Value = "50В"; VariantName = "[No Variations]"
Added Component: Designator=D1(SOD-123FL)
Add component (AddParameter): Name = "ComponentLink1Description"; Value = "Manufacturer URL"; VariantName = "[No Variations]"
Add component (AddParameter): Name = "ComponentLink1URL"; Value = "http://www.onsemi.com/"; VariantName = "[No Variations]"
Add component (AddParameter): Name = "ComponentLink2Description"; Value = "Datasheet"; VariantName = "[No Variations]"
Add component (AddParameter): Name = "ComponentLink2URL"; Value = "http://www.onsemi.cn/pub_link/Collateral/MMSZ5221BT1-D.PDF"; VariantName = "[No Variations]"
Add component (AddParameter): Name = "ComponentLink3Description"; Value = "Package Specification"; VariantName = "[No Variations]"
Add component (AddParameter): Name = "ComponentLink3URL"; Value = "http://www.onsemi.com/pub_link/Collateral/425-04.PDF"; VariantName = "[No Variations]"
Add component (AddParameter): Name = "DatasheetVersion"; Value = "Rev. 12"; VariantName = "[No Variations]"
Add component (AddParameter): Name = "Manufacturer"; Value = "On Semiconductor"; VariantName = "[No Variations]"
Add component (AddParameter): Name = "Mounting Technology"; Value = "Surface Mount"; VariantName = "[No Variations]"
Add component (AddParameter): Name = "P Max (W)"; Value = "0.5"; VariantName = "[No Variations]"
Add component (AddParameter): Name = "PackageDescription"; Value = "2-Pin SOD, Body 1.6 x 2.69 mm"; VariantName = "[No Variations]"
Add component (AddParameter): Name = "PackageReference"; Value = "SOD-123-2-425-04"; VariantName = "[No Variations]"
Add component (AddParameter): Name = "PackageVersion"; Value = "Rev. G, 10/2009"; VariantName = "[No Variations]"
Add component (AddParameter): Name = "Packing"; Value = "Tape and Reel"; VariantName = "[No Variations]"
Add component (AddParameter): Name = "PartNumber"; Value = "SZMMSZ5247BT1G"; VariantName = "[No Variations]"
Add component (AddParameter): Name = "RoHS"; Value = "Pb-Free"; VariantName = "[No Variations]"
Add component (AddParameter): Name = "VZ Typ (V)"; Value = "17"; VariantName = "[No Variations]"
Added Component: Designator=Q1(TO229P994X256-3N-1)
Add component (AddParameter): Name = "Manufacturer"; Value = "Infineon Technologies"; VariantName = "[No Variations]"
Add component (AddParameter): Name = "ManufacturerPartNumber"; Value = "IPD95R450P7"; VariantName = "[No Variations]"
Add component (AddParameter): Name = "PackageReference"; Value = "PG-TO220-3"; VariantName = "[No Variations]"
Added Component: Designator=R52(R-2512)
Add component (AddParameter): Name = "Accuracy"; Value = "5%"; VariantName = "[No Variations]"
Add component (AddParameter): Name = "ComponentDescription"; Value = "SMD2512 0.047, 5%"; VariantName = "[No Variations]"
Add component (AddParameter): Name = "Value"; Value = "0.047"; VariantName = "[No Variations]"
Added Component: Designator=VD11(LED-0805G)
Add component (AddParameter): Name = "Color"; Value = ""; VariantName = "[No Variations]"
Add component (AddParameter): Name = "ComponentDescription"; Value = "LTL-30EHJ"; VariantName = "[No Variations]"
Added Pin To Net: NetName=+Supply Pin=C13-1
Added Pin To Net: NetName=GND_SEC Pin=C13-2
Added Pin To Net: NetName=+Supply Pin=C14-1
Added Pin To Net: NetName=GND_SEC Pin=C14-2
Added Pin To Net: NetName=+Supply Pin=C20-1
Added Pin To Net: NetName=GND_SEC Pin=C20-2
Added Pin To Net: NetName=NetD1_1 Pin=D1-1
Added Pin To Net: NetName=NetD1_2 Pin=D1-2
Added Pin To Net: NetName=NetD1_2 Pin=Q1-1
Added Pin To Net: NetName=NetC36_1 Pin=Q1-2
Added Pin To Net: NetName=NetC36_2 Pin=Q1-3
Added Pin To Net: NetName=GND_SEC Pin=R52-1
Added Pin To Net: NetName=NetR49_1 Pin=R52-2
Added Pin To Net: NetName=NetR24_1 Pin=VD11-1
Added Pin To Net: NetName=GND_SEC Pin=VD11-2
Added Member To Class: ClassName=Sheet2 Member=Component C13 470мк 50В 
Added Member To Class: ClassName=Sheet2 Member=Component C14 470мк 50В 
Added Member To Class: ClassName=Sheet2 Member=Component C20 470мк 50В 
Added Member To Class: ClassName=Sheet2 Member=Component D1 1n4148
Added Member To Class: ClassName=Sheet2 Member=Component Q1 IPD95R450P7
Added Member To Class: ClassName=Sheet2 Member=Component R52 0.047
Added Member To Class: ClassName=Sheet2 Member=Component VD11 LTL-30EHJ
